****************************************************************************
***                         Sentaurus Topography                         ***
***                          Version V-2023.12                           ***
***                        (3.570, x86_64, Linux)                        ***
***                                                                      ***
***                  Copyright (C) 2023 Synopsys, Inc.                   ***
***                                                                      ***
***  This software and the associated documentation are confidential     ***
***  and proprietary to Synopsys, Inc.  Your use or disclosure of this   ***
***  software is subject to the terms and conditions of a written        ***
***  license agreement between you, or your company, and Synopsys, Inc.  ***
****************************************************************************

Compiled Wed Nov  1 17:07:03 UTC 2023 on de02pollux (x86_64, Linux)

Started Tue May 21 2024 21:44:19 on host 'darkknight'.
Entering command file batch mode, input file: 'temp_plasma_etch.cmd'.

/----------------------------
define_plasma_model
 name = plasma_model.
 bulk_model_type = global.
 sheath_model_type = circuit.
define_plasma_model done.
\----------------------------

/----------------------------
add_species
 plasma_model = plasma_model.
 name = Ar.
 mass = 39.948<amu>.
 charge = 0.
add_species done.
\----------------------------

/----------------------------
add_species
 plasma_model = plasma_model.
 name = Ar*.
 mass = 39.948<amu>.
 charge = 0.
add_species done.
\----------------------------

/----------------------------
add_species
 plasma_model = plasma_model.
 name = Ar+.
 mass = 39.948<amu>.
 charge = 1.
add_species done.
\----------------------------

/----------------------------
add_bulk_reaction
 plasma_model = plasma_model.
 name = r1.
 expression = Ar + e- = Ar* + e-.
 rate_coefficient_type = arrhenius.
 a = 6.033e-15.
 b = 0.3287.
 c = 12.08.
 energy_transfer = 11.6<eV>.
add_bulk_reaction done.
\----------------------------

/----------------------------
add_bulk_reaction
 plasma_model = plasma_model.
 name = r2.
 expression = Ar + e- = Ar+ + e- + e-.
 rate_coefficient_type = arrhenius.
 a = 2.16e-14.
 b = 0.6329.
 c = 16.0627.
 energy_transfer = 15.76<eV>.
add_bulk_reaction done.
\----------------------------

/----------------------------
add_bulk_reaction
 plasma_model = plasma_model.
 name = r3.
 expression = Ar* + e- = Ar+ + e- + e-.
 rate_coefficient_type = arrhenius.
 a = 1.698e-13.
 b = 0.1072.
 c = 4.4129.
 energy_transfer = 4.43<eV>.
add_bulk_reaction done.
\----------------------------

/----------------------------
add_bulk_reaction
 plasma_model = plasma_model.
 name = r4.
 expression = Ar* + e- = Ar + e-.
 rate_coefficient_type = arrhenius.
 a = 3.969e-15.
 b = 0.2894.
 c = 0.7412.
 energy_transfer = -11.6<eV>.
add_bulk_reaction done.
\----------------------------

/----------------------------
add_bulk_reaction
 plasma_model = plasma_model.
 name = r5.
 expression = Ar* + Ar* = Ar+ + Ar + e-.
 rate_coefficient_type = arrhenius.
 a = 1.2e-15.
 b = 0.
 c = 0.
 energy_transfer = 0<eV>.
add_bulk_reaction done.
\----------------------------

/----------------------------
define_reactor
 name = R.
 plasma_model = plasma_model.
 type = icp.
 gas_temperature = 300<K>.
 height = 50<cm>.
 inlet_gas_flow = { { Ar, 10<sccm> } }.
 power = 500<W>.
 power_absorption_coefficient = 0.5.
 pressure = 100<mTorr>.
 radius = 10<cm>.
 rf_bias_frequency = { { rf_bias_frequency, 14<MHz> } }.
 rf_bias_power = { { rf_bias_power, 1000<W> } }.
define_reactor done.
\----------------------------

/----------------------------
define_bulk_solver
 name = bs.
 bulk_model_type = global.
 stationary_state_tolerance = 4e-13.
define_bulk_solver done.
\----------------------------

/----------------------------
define_sheath_solver
 name = ss.
 sheath_model_type = circuit.
 ied_solver = monte_carlo.
 power_tolerance = 0.001.
define_sheath_solver done.
\----------------------------

/----------------------------
define_extraction
 name = ex_bulk.
 type = plasma.
 bulk_model_type = global.
 file = n3_bulk_extractions.tdr.
 output_type = {tdr}.
 quantities = {reactions state residuals}.
define_extraction done.
\----------------------------

/----------------------------
define_extraction
 name = ex_sheath.
 type = plasma.
 file = n3_sheath_extractions.tdr.
 output_type = {tdr}.
 quantities = {energy_distribution}.
 sheath_model_type = circuit.
 species_pattern = *+.
define_extraction done.
\----------------------------

/----------------------------
solve_reactor
 name = ps.
 reactor = R.
 extractions = {ex_bulk ex_sheath}.
 bulk_solver = bs.
 sheath_solver = ss.
 Serial computation mode.
 
 Solving plasma bulk model...
 
 Time = 0.010000 s    Residual = 4.59e-13    (  0 %)
 Time = 0.030000 s    Residual = 5.26e-13    ( 64 %)
 Time = 0.040000 s    Residual = 1.84e-12    (  0 %)
 Time = 0.050000 s    Residual = 4.98e-13    ( 85 %)
 Time = 0.060000 s    Residual = 3.42e-13    (100 %)
 Updating dataset 'ps_ex_bulk_residuals' in file 'n3_bulk_extractions.tdr'.
 Updating dataset 'ps_ex_bulk_state' in file 'n3_bulk_extractions.tdr'.
 Updating dataset 'ps_ex_bulk_reactions' in file 'n3_bulk_extractions.tdr'.
 
 Bulk model solution:
  Electron temperature = 1.66296<eV>
  e- density = 1.7802e+17<m^-3>
  Ar density = 3.21804e+21<m^-3>
  Ar* density = 7.90406e+17<m^-3>
  Ar+ density = 1.7802e+17<m^-3>

 
 Solving plasma sheath model...
 
 Iteration =   1    Residual = 0.992801    (  0 %)
 Iteration =  41    Residual = 0.481369    ( 10 %)
 Iteration =  64    Residual = 0.243397    ( 20 %)
 Iteration =  83    Residual = 0.120546    ( 30 %)
 Iteration = 106    Residual = 0.058897    ( 40 %)
 Iteration = 131    Residual = 0.024977    ( 53 %)
 Iteration = 154    Residual = 0.003547    ( 81 %)
 Iteration = 196    Residual = 0.001291    ( 96 %)
 Iteration = 199    Residual = 0.000629    (100 %)
 
 Computing energy distribution (using Monte-Carlo solver)...
  Species Ar+...
 Updating dataset 'ps_ex_sheath_energy_distribution' in file 'n3_sheath_extractions.tdr'.
 
 Sheath model solution:
  Ar flux = 0.532698<mol/m^2/s>.
  Ar energy min = 0<eV>.
  Ar energy max = 0.25852<eV>.
  Ar* flux = 0.00013084<mol/m^2/s>.
  Ar* energy min = 0<eV>.
  Ar* energy max = 0.25852<eV>.
  Ar+ flux = 0.000361387<mol/m^2/s>.
  Ar+ energy min = 35.9591<eV>.
  Ar+ energy max = 1199.13<eV>.
  e- flux = 0.000335779<mol/m^2/s>.
  e- energy min = 0<eV>.
  e- energy max = 0<eV>.
  Total RF bias power = 999.684<W>.
  DC Voltage = -923.664<V>.
solve_reactor done.
\----------------------------

/----------------------------
define_structure
 Creating a 3D cuboid region: 
 point_min = {0 0 0} [um].
 point_max = {0.1 0.1 0.2} [um].
 material = 'Silicon'.
 region = 'region_0'.
 Input structure dependent spacing epsilon is 5.002e-14[m].
define_structure done.
\----------------------------

/----------------------------
fill
 Serial computation mode.
 material = Photoresist
 thickness = 0.1 [um].
 times = 1.
 region = 'region_1'.
 Performing boolean operations: 
  addMaterial: 0% : 100% 
  decimate: 0% : 100% 
fill done.
\----------------------------

Serial computation mode.
/----------------------------
etch
 Shape type: cylinder.
 center1 = {0.05 0.05 0.2} [um].
 center2 = {0.05 0.05 0.3} [um].
 radius = 0.025 [um].
 rotation = 0 [deg].
 elliptic_exponent = 2 .
 refinement = 20.
 Serial computation mode.
 Performing boolean operations: 
  decimate: 0% : 100% 
etch done.
\----------------------------

/----------------------------
define_model
 name = rie_pmc.
 description = PMC Ion Etching Model.
define_model done.
\----------------------------

/----------------------------
define_species_distribution
 name = my_distr.
 species = Ar+.
 type = plasma.
 solution = ps.
define_species_distribution done.
\----------------------------

/----------------------------
define_species_distribution
 name = my_distr.
 species = XeF2.
 exponent = 1.0.
 flux = 0.00361387.
 energy_min = 0.0.
 energy_max = 0.3.
define_species_distribution done.
\----------------------------

/----------------------------
define_yield
 name = my_yield.
 species = Ar+.
 material = Silicon.
 theta_max = 60 [deg].
 threshold_energy = 50 [eV].
 yield_max = 2.4.
 yield_at_zero = 1.2.
 threshold_energy = 50 [eV].
define_yield done.
\----------------------------

/----------------------------
define_yield
 name = my_yield.
 species = Ar+.
 material = SiFx.
 theta_max = 50 [deg].
 threshold_energy = 20 [eV].
 yield_max = 1.05.
 yield_at_zero = 1.
 threshold_energy = 20 [eV].
define_yield done.
\----------------------------

/----------------------------
define_yield
 name = my_yield.
 species = Ar+.
 material = Photoresist.
 theta_max = 50 [deg].
 threshold_energy = 10 [eV].
 yield_max = 1.5.
 yield_at_zero = 1.
 threshold_energy = 10 [eV].
define_yield done.
\----------------------------

/----------------------------
define_species_properties
 name = my_props.
 species = Ar+.
 default_event = discard.
define_species_properties done.
\----------------------------

/----------------------------
define_etch_machine
 name = rie_machine.
 model = rie_pmc.
 species_distribution = my_distr.
 species_properties = my_props.
 yield = my_yield.
define_etch_machine done.
\----------------------------

/----------------------------
define_probability
 name = refl_prob.
 energy = 0 [eV].
 mizuno_k = 0.001.
define_probability done.
\----------------------------

/----------------------------
add_reaction_properties
 machine = rie_machine.
 reaction = sput_Si.
 p = 0.001.
add_reaction_properties done.
\----------------------------

/----------------------------
add_reaction_properties
 machine = rie_machine.
 reaction = refl_Si.
 probability = refl_prob.
add_reaction_properties done.
\----------------------------

/----------------------------
add_reaction_properties
 machine = rie_machine.
 reaction = sput_SiFx.
 p = 1.
add_reaction_properties done.
\----------------------------

/----------------------------
add_reaction_properties
 machine = rie_machine.
 reaction = refl_SiFx.
 probability = refl_prob.
add_reaction_properties done.
\----------------------------

/----------------------------
add_reaction_properties
 machine = rie_machine.
 reaction = sput_PR.
 p = 0.001.
add_reaction_properties done.
\----------------------------

/----------------------------
add_reaction_properties
 machine = rie_machine.
 reaction = refl_PR.
 probability = refl_prob.
add_reaction_properties done.
\----------------------------

/----------------------------
add_reaction_properties
 machine = rie_machine.
 reaction = adsorb_F_Si.
 p = 0.7.
add_reaction_properties done.
\----------------------------

/----------------------------
add_reaction_properties
 machine = rie_machine.
 reaction = etch_F_Si.
 p = 1e-05.
add_reaction_properties done.
\----------------------------

Checking out 4 parallel licenses for a total of 16 threads.
/----------------------------
etch
 method = pmc.
 time = 0.166667 min.
 Checking out 4 parallel licenses for a total of 16 threads.
 PMC grid size: 100x100x302, actual spacing [nm]: (1 1 1).
 Memory footprint of the PMC grid: 18.1 MB.
  t= 0.00 Progress: [          ]  1%  Remaining:    59.5s.
  t= 0.00 Progress: [          ]  2%  Remaining:    43.6s.
  t= 0.01 Progress: [          ]  3%  Remaining:    38.3s.
  t= 0.01 Progress: [          ]  4%  Remaining:    35.4s.
  t= 0.01 Progress: [          ]  5%  Remaining:    33.7s.
  t= 0.01 Progress: [          ]  6%  Remaining:    32.5s.
  t= 0.01 Progress: [          ]  7%  Remaining:    31.5s.
  t= 0.01 Progress: [          ]  8%  Remaining:    30.7s.
  t= 0.02 Progress: [          ]  9%  Remaining:    30.1s.
  t= 0.02 Progress: [>         ] 10%  Remaining:    29.5s.
  t= 0.02 Progress: [>         ] 11%  Remaining:    29.0s.
  t= 0.02 Progress: [>         ] 12%  Remaining:    28.6s.
  t= 0.02 Progress: [>         ] 13%  Remaining:    28.1s.
  t= 0.02 Progress: [>         ] 14%  Remaining:    27.7s.
  t= 0.03 Progress: [>         ] 15%  Remaining:    27.3s.
  t= 0.03 Progress: [>         ] 16%  Remaining:    27.0s.
  t= 0.03 Progress: [>         ] 17%  Remaining:    26.6s.
  t= 0.03 Progress: [>         ] 18%  Remaining:    26.3s.
  t= 0.03 Progress: [>         ] 19%  Remaining:    26.0s.
  t= 0.03 Progress: [=>        ] 20%  Remaining:    25.7s.
  t= 0.04 Progress: [=>        ] 21%  Remaining:    25.4s.
  t= 0.04 Progress: [=>        ] 22%  Remaining:    25.1s.
  t= 0.04 Progress: [=>        ] 23%  Remaining:    24.8s.
  t= 0.04 Progress: [=>        ] 24%  Remaining:    24.6s.
  t= 0.04 Progress: [=>        ] 25%  Remaining:    24.3s.
  t= 0.04 Progress: [=>        ] 26%  Remaining:    24.0s.
  t= 0.05 Progress: [=>        ] 27%  Remaining:    23.7s.
  t= 0.05 Progress: [=>        ] 28%  Remaining:    23.4s.
  t= 0.05 Progress: [=>        ] 28%  Remaining:    23.1s.
  t= 0.05 Progress: [==>       ] 30%  Remaining:    22.8s.
  t= 0.05 Progress: [==>       ] 31%  Remaining:    22.5s.
  t= 0.05 Progress: [==>       ] 32%  Remaining:    22.2s.
  t= 0.06 Progress: [==>       ] 33%  Remaining:    21.9s.
  t= 0.06 Progress: [==>       ] 34%  Remaining:    21.6s.
  t= 0.06 Progress: [==>       ] 35%  Remaining:    21.3s.
  t= 0.06 Progress: [==>       ] 36%  Remaining:    21.0s.
  t= 0.06 Progress: [==>       ] 37%  Remaining:    20.7s.
  t= 0.06 Progress: [==>       ] 38%  Remaining:    20.5s.
  t= 0.07 Progress: [==>       ] 39%  Remaining:    20.2s.
  t= 0.07 Progress: [===>      ] 40%  Remaining:    19.9s.
  t= 0.07 Progress: [===>      ] 41%  Remaining:    19.6s.
  t= 0.07 Progress: [===>      ] 42%  Remaining:    19.3s.
  t= 0.07 Progress: [===>      ] 43%  Remaining:    19.0s.
  t= 0.07 Progress: [===>      ] 44%  Remaining:    18.7s.
  t= 0.08 Progress: [===>      ] 45%  Remaining:    18.4s.
  t= 0.08 Progress: [===>      ] 46%  Remaining:    18.1s.
  t= 0.08 Progress: [===>      ] 47%  Remaining:    17.7s.
  t= 0.08 Progress: [===>      ] 48%  Remaining:    17.4s.
  t= 0.08 Progress: [===>      ] 49%  Remaining:    17.1s.
  t= 0.08 Progress: [====>     ] 50%  Remaining:    16.8s.
  t= 0.09 Progress: [====>     ] 51%  Remaining:    16.5s.
  t= 0.09 Progress: [====>     ] 52%  Remaining:    16.2s.
  t= 0.09 Progress: [====>     ] 53%  Remaining:    15.9s.
  t= 0.09 Progress: [====>     ] 54%  Remaining:    15.6s.
  t= 0.09 Progress: [====>     ] 55%  Remaining:    15.3s.
  t= 0.09 Progress: [====>     ] 56%  Remaining:    14.9s.
  t= 0.10 Progress: [====>     ] 56%  Remaining:    14.6s.
  t= 0.10 Progress: [====>     ] 57%  Remaining:    14.3s.
  t= 0.10 Progress: [====>     ] 59%  Remaining:    14.0s.
  t= 0.10 Progress: [=====>    ] 60%  Remaining:    13.7s.
  t= 0.10 Progress: [=====>    ] 61%  Remaining:    13.3s.
  t= 0.10 Progress: [=====>    ] 62%  Remaining:    13.0s.
  t= 0.11 Progress: [=====>    ] 63%  Remaining:    12.7s.
  t= 0.11 Progress: [=====>    ] 64%  Remaining:    12.3s.
  t= 0.11 Progress: [=====>    ] 65%  Remaining:    12.0s.
  t= 0.11 Progress: [=====>    ] 66%  Remaining:    11.7s.
  t= 0.11 Progress: [=====>    ] 67%  Remaining:    11.4s.
  t= 0.11 Progress: [=====>    ] 68%  Remaining:    11.0s.
  t= 0.12 Progress: [=====>    ] 69%  Remaining:    10.7s.
  t= 0.12 Progress: [======>   ] 70%  Remaining:    10.3s.
  t= 0.12 Progress: [======>   ] 71%  Remaining:    10.0s.
  t= 0.12 Progress: [======>   ] 72%  Remaining:     9.7s.
  t= 0.12 Progress: [======>   ] 73%  Remaining:     9.3s.
  t= 0.12 Progress: [======>   ] 74%  Remaining:     9.0s.
  t= 0.13 Progress: [======>   ] 75%  Remaining:     8.6s.
  t= 0.13 Progress: [======>   ] 76%  Remaining:     8.3s.
  t= 0.13 Progress: [======>   ] 77%  Remaining:     8.0s.
  t= 0.13 Progress: [======>   ] 78%  Remaining:     7.6s.
  t= 0.13 Progress: [======>   ] 79%  Remaining:     7.3s.
  t= 0.13 Progress: [=======>  ] 80%  Remaining:     6.9s.
  t= 0.14 Progress: [=======>  ] 81%  Remaining:     6.6s.
  t= 0.14 Progress: [=======>  ] 82%  Remaining:     6.2s.
  t= 0.14 Progress: [=======>  ] 83%  Remaining:     5.8s.
  t= 0.14 Progress: [=======>  ] 84%  Remaining:     5.5s.
  t= 0.14 Progress: [=======>  ] 85%  Remaining:     5.1s.
  t= 0.14 Progress: [=======>  ] 86%  Remaining:     4.8s.
  t= 0.15 Progress: [=======>  ] 87%  Remaining:     4.4s.
  t= 0.15 Progress: [=======>  ] 88%  Remaining:     4.1s.
  t= 0.15 Progress: [=======>  ] 89%  Remaining:     3.7s.
  t= 0.15 Progress: [========> ] 90%  Remaining:     3.3s.
  t= 0.15 Progress: [========> ] 91%  Remaining:     3.0s.
  t= 0.15 Progress: [========> ] 92%  Remaining:     2.6s.
  t= 0.16 Progress: [========> ] 93%  Remaining:     2.2s.
  t= 0.16 Progress: [========> ] 94%  Remaining:     1.9s.
  t= 0.16 Progress: [========> ] 95%  Remaining:     1.5s.
  t= 0.16 Progress: [========> ] 96%  Remaining:     1.1s.
  t= 0.16 Progress: [========> ] 97%  Remaining:     0.7s.
  t= 0.16 Progress: [========> ] 98%  Remaining:     0.4s.
  t= 0.17 Progress: [========> ] 99%  Remaining:     0.0s.
  t= 0.17 Progress: [==========]100%  Remaining:     0.0s.

etch done.
\----------------------------

/----------------------------
save
 type = gc.
 Checking out 4 parallel licenses for a total of 16 threads.
 Exporting GC to 'final_10_50_500_0.5_300_100_1000_14_10_shape_analysis_10_.tdr'.
  Converting PMC grid to GC.
save done.
\----------------------------

/----------------------------
save
 type = pmc.
 Checking out 4 parallel licenses for a total of 16 threads.
 Saving PMC to 'result.pmc'.
save done.
\----------------------------


** Timing Report *********************************************************************
*  Timer                          CPU Time [s] Elapsed Time [s] Time [%]      Calls  *
*                                                                                    *
*  PMC simulation                        578.7             37.6     84.5          1  *
*  Plasma sheath model                     4.6              4.6     10.4          1  *
*  Miscellaneous                           1.0              1.0      2.2          1  *
*  Conversion to grid                      8.4              0.6      1.3          1  *
*  Plasma bulk model                       0.3              0.3      0.7          1  *
*  Save                                    0.2              0.1      0.3          2  *
*  PMC to GC conversion                    1.7              0.1      0.2          1  *
*  Boolean operations                      0.1              0.1      0.1          2  *
*  Parallel licenses check-out             0.0              0.0      0.1          4  *
*  Parallel licenses check-in              0.0              0.0      0.1          4  *
*  PMC grid initialization                 0.2              0.0      0.0          1  *
*  Boolean postprocessing                  0.0              0.0      0.0          2  *
*  PMC model analysis                      0.0              0.0      0.0          2  *
*  Structure update from PMC grid          0.0              0.0      0.0          1  *
*                                                                                    *
*  Total                                 595.3             44.5                      *
**************************************************************************************

Finished Tue May 21 2024 21:45:03.

Sentaurus Topography exited successfully. Have a nice day.
